Arguments: 
  /usr/local/Cellar/node/11.11.0/bin/node /usr/local/Cellar/yarn/1.13.0/libexec/bin/yarn.js dev

PATH: 
  /usr/local/bin:/usr/bin:/bin:/usr/sbin:/sbin

Yarn version: 
  1.13.0

Node version: 
  11.11.0

Platform: 
  darwin x64

Trace: 
  SyntaxError: /Users/AnssamGhezala/Desktop/my-portfolio/package.json: Unexpected token } in JSON at position 798
      at JSON.parse (<anonymous>)
      at /usr/local/Cellar/yarn/1.13.0/libexec/lib/cli.js:1625:59
      at Generator.next (<anonymous>)
      at step (/usr/local/Cellar/yarn/1.13.0/libexec/lib/cli.js:304:30)
      at /usr/local/Cellar/yarn/1.13.0/libexec/lib/cli.js:315:13

npm manifest: 
  {
    "name": "my-portfolio",
    "version": "0.1.0",
    "private": true,
    "dependencies": {
      "babel-polyfill": "^6.26.0",
      "body-parser": "^1.18.3",
      "express": "^4.16.4",
      "gmail-send": "^1.2.14",
      "nodemailer": "^5.1.1",
      "nodemailer-react": "^0.1.0",
      "prop-types": "^15.7.2",
      "react": "^16.8.4",
      "react-dom": "^16.8.4",
      "react-mail-form": "^1.0.2",
      "react-proptypes": "^1.0.0",
      "react-scripts": "^2.1.8",
      "typescript": "^3.3.3333"
    },
    "scripts": {
      "start": "react-scripts start",
      "client": "cd client && yarn start",
      "server": "nodemon server.js",
      "dev": "concurrently --kill-others-on-fail \"yarn server\" \"yarn client\"",
      "build": "react-scripts build",
      "test": "react-scripts test",
      "eject": "react-scripts eject",
    },
    "eslintConfig": {
      "extends": "react-app"
    },
    "proxy": "http://localhost:5000/",
    "browserslist": [
      ">0.2%",
      "not dead",
      "not ie <= 11",
      "not op_mini all"
    ],
    "devDependencies": {
      "concurrently": "^4.0.1",
      "nodemon": "^1.18.10",
      "babel-cli": "^6.26.0",
      "babel-preset-es2015": "^6.24.1",
      "babel-preset-react": "^6.24.1",
      "babel-preset-stage-2": "^6.24.1"
    }
  }

yarn manifest: 
  No manifest

Lockfile: 
  No lockfile
